android/app/build/intermediates/manifest_merge_blame_file/debug/manifest-merger-blame-debug-report.txt
1<?xml version="1.0" encoding="utf-8"?>
2<manifest xmlns:android="http://schemas.android.com/apk/res/android"
3    package="com.yanbaoai"
4    android:versionCode="1"
5    android:versionName="1.0.0" >
6
7    <uses-sdk
8        android:minSdkVersion="24"
9        android:targetSdkVersion="34" />
10
11    <!-- 权限声明 -->
12    <uses-permission android:name="android.permission.INTERNET" />
12-->src/main/AndroidManifest.xml:5:5-67
12-->src/main/AndroidManifest.xml:5:22-64
13    <uses-permission android:name="android.permission.CAMERA" />
13-->src/main/AndroidManifest.xml:6:5-65
13-->src/main/AndroidManifest.xml:6:22-62
14    <uses-permission android:name="android.permission.READ_EXTERNAL_STORAGE" />
14-->src/main/AndroidManifest.xml:7:5-80
14-->src/main/AndroidManifest.xml:7:22-77
15    <uses-permission android:name="android.permission.WRITE_EXTERNAL_STORAGE" />
15-->src/main/AndroidManifest.xml:8:5-81
15-->src/main/AndroidManifest.xml:8:22-78
16    <uses-permission android:name="android.permission.ACCESS_FINE_LOCATION" />
16-->src/main/AndroidManifest.xml:9:5-79
16-->src/main/AndroidManifest.xml:9:22-76
17    <uses-permission android:name="android.permission.ACCESS_COARSE_LOCATION" />
17-->src/main/AndroidManifest.xml:10:5-81
17-->src/main/AndroidManifest.xml:10:22-78
18
19    <!-- 相机功能 -->
20    <uses-feature
20-->src/main/AndroidManifest.xml:13:5-85
21        android:name="android.hardware.camera"
21-->src/main/AndroidManifest.xml:13:19-57
22        android:required="false" />
22-->src/main/AndroidManifest.xml:13:58-82
23    <uses-feature
23-->src/main/AndroidManifest.xml:14:5-95
24        android:name="android.hardware.camera.autofocus"
24-->src/main/AndroidManifest.xml:14:19-67
25        android:required="false" />
25-->src/main/AndroidManifest.xml:14:68-92
26
27    <permission
27-->[androidx.core:core:1.12.0] AndroidManifest.xml:22:5-24:47
28        android:name="com.yanbaoai.DYNAMIC_RECEIVER_NOT_EXPORTED_PERMISSION"
28-->[androidx.core:core:1.12.0] AndroidManifest.xml:23:9-81
29        android:protectionLevel="signature" />
29-->[androidx.core:core:1.12.0] AndroidManifest.xml:24:9-44
30
31    <uses-permission android:name="com.yanbaoai.DYNAMIC_RECEIVER_NOT_EXPORTED_PERMISSION" />
31-->[androidx.core:core:1.12.0] AndroidManifest.xml:26:5-97
31-->[androidx.core:core:1.12.0] AndroidManifest.xml:26:22-94
32
33    <application
33-->src/main/AndroidManifest.xml:16:5-36:19
34        android:name="com.yanbaoai.MainApplication"
34-->src/main/AndroidManifest.xml:17:9-40
35        android:allowBackup="false"
35-->src/main/AndroidManifest.xml:21:9-36
36        android:appComponentFactory="androidx.core.app.CoreComponentFactory"
36-->[androidx.core:core:1.12.0] AndroidManifest.xml:28:18-86
37        android:debuggable="true"
38        android:extractNativeLibs="false"
39        android:icon="@mipmap/ic_launcher"
39-->src/main/AndroidManifest.xml:19:9-43
40        android:label="@string/app_name"
40-->src/main/AndroidManifest.xml:18:9-41
41        android:roundIcon="@mipmap/ic_launcher_round"
41-->src/main/AndroidManifest.xml:20:9-54
42        android:theme="@style/AppTheme" >
42-->src/main/AndroidManifest.xml:22:9-40
43        <activity
43-->src/main/AndroidManifest.xml:24:9-35:20
44            android:name="com.yanbaoai.MainActivity"
44-->src/main/AndroidManifest.xml:25:13-41
45            android:configChanges="keyboard|keyboardHidden|orientation|screenLayout|screenSize|smallestScreenSize|uiMode"
45-->src/main/AndroidManifest.xml:27:13-122
46            android:exported="true"
46-->src/main/AndroidManifest.xml:30:13-36
47            android:label="@string/app_name"
47-->src/main/AndroidManifest.xml:26:13-45
48            android:launchMode="singleTask"
48-->src/main/AndroidManifest.xml:28:13-44
49            android:windowSoftInputMode="adjustResize" >
49-->src/main/AndroidManifest.xml:29:13-55
50            <intent-filter>
50-->src/main/AndroidManifest.xml:31:13-34:29
51                <action android:name="android.intent.action.MAIN" />
51-->src/main/AndroidManifest.xml:32:17-69
51-->src/main/AndroidManifest.xml:32:25-66
52
53                <category android:name="android.intent.category.LAUNCHER" />
53-->src/main/AndroidManifest.xml:33:17-77
53-->src/main/AndroidManifest.xml:33:27-74
54            </intent-filter>
55        </activity>
56        <!--
57        Service for holding metadata. Cannot be instantiated.
58        Metadata will be merged from other manifests.
59        -->
60        <service
60-->[androidx.camera:camera-core:1.3.0] AndroidManifest.xml:29:9-33:78
61            android:name="androidx.camera.core.impl.MetadataHolderService"
61-->[androidx.camera:camera-core:1.3.0] AndroidManifest.xml:30:13-75
62            android:enabled="false"
62-->[androidx.camera:camera-core:1.3.0] AndroidManifest.xml:31:13-36
63            android:exported="false" >
63-->[androidx.camera:camera-core:1.3.0] AndroidManifest.xml:32:13-37
64            <meta-data
64-->[androidx.camera:camera-camera2:1.3.0] AndroidManifest.xml:30:13-32:89
65                android:name="androidx.camera.core.impl.MetadataHolderService.DEFAULT_CONFIG_PROVIDER"
65-->[androidx.camera:camera-camera2:1.3.0] AndroidManifest.xml:31:17-103
66                android:value="androidx.camera.camera2.Camera2Config$DefaultProvider" />
66-->[androidx.camera:camera-camera2:1.3.0] AndroidManifest.xml:32:17-86
67        </service>
68
69        <provider
69-->[androidx.emoji2:emoji2:1.2.0] AndroidManifest.xml:24:9-32:20
70            android:name="androidx.startup.InitializationProvider"
70-->[androidx.emoji2:emoji2:1.2.0] AndroidManifest.xml:25:13-67
71            android:authorities="com.yanbaoai.androidx-startup"
71-->[androidx.emoji2:emoji2:1.2.0] AndroidManifest.xml:26:13-68
72            android:exported="false" >
72-->[androidx.emoji2:emoji2:1.2.0] AndroidManifest.xml:27:13-37
73            <meta-data
73-->[androidx.emoji2:emoji2:1.2.0] AndroidManifest.xml:29:13-31:52
74                android:name="androidx.emoji2.text.EmojiCompatInitializer"
74-->[androidx.emoji2:emoji2:1.2.0] AndroidManifest.xml:30:17-75
75                android:value="androidx.startup" />
75-->[androidx.emoji2:emoji2:1.2.0] AndroidManifest.xml:31:17-49
76            <meta-data
76-->[androidx.lifecycle:lifecycle-process:2.4.1] AndroidManifest.xml:31:13-33:52
77                android:name="androidx.lifecycle.ProcessLifecycleInitializer"
77-->[androidx.lifecycle:lifecycle-process:2.4.1] AndroidManifest.xml:32:17-78
78                android:value="androidx.startup" />
78-->[androidx.lifecycle:lifecycle-process:2.4.1] AndroidManifest.xml:33:17-49
79        </provider>
80
81        <service
81-->[androidx.room:room-runtime:2.6.0] AndroidManifest.xml:24:9-28:63
82            android:name="androidx.room.MultiInstanceInvalidationService"
82-->[androidx.room:room-runtime:2.6.0] AndroidManifest.xml:25:13-74
83            android:directBootAware="true"
83-->[androidx.room:room-runtime:2.6.0] AndroidManifest.xml:26:13-43
84            android:exported="false" />
84-->[androidx.room:room-runtime:2.6.0] AndroidManifest.xml:27:13-37
85    </application>
86
87</manifest>